This is pdfTeX, Version 3.14159265-2.6-1.40.16 (TeX Live 2015/Debian) (preloaded format=pdflatex 2019.3.20)  17 MAY 2020 13:26
entering extended mode
 restricted \write18 enabled.
 %&-line parsing enabled.
**/home/ntuhep/Desktop/EndGame/background/LiHe/table
(/home/ntuhep/Desktop/EndGame/background/LiHe/table.tex
LaTeX2e <2016/02/01>
Babel <3.9q> and hyphenation patterns for 81 language(s) loaded.
! Misplaced \noalign.
\hline ->\noalign 
                  {\ifnum 0=`}\fi \hrule \@height \arrayrulewidth \futurelet...
l.1 \hline
           
Here is how much of TeX's memory you used:
 6 strings out of 493029
 259 string characters out of 6136234
 53065 words of memory out of 5000000
 3641 multiletter control sequences out of 15000+600000
 3640 words of font info for 14 fonts, out of 8000000 for 9000
 1141 hyphenation exceptions out of 8191
 5i,0n,1p,59b,8s stack positions out of 5000i,500n,10000p,200000b,80000s

!  ==> Fatal error occurred, no output PDF file produced!
